[DEBUG  ][18 Jul 2016 08:51:44][ScanDelegate.py:11] 80:7a:bf:10:7f:ae[-92]
[DEBUG  ][18 Jul 2016 08:51:44][ScanDelegate.py:11] e4:db:dc:cd:b5:0a[-69]
[DEBUG  ][18 Jul 2016 08:51:44][ScanDelegate.py:11] 80:7a:bf:17:a4:b5[-95]
[DEBUG  ][18 Jul 2016 08:51:44][ScanDelegate.py:11] e4:db:dc:cd:b5:0a[-83]
[DEBUG  ][18 Jul 2016 08:51:45][ScanDelegate.py:11] d5:eb:02:3f:7c:5a[-68]
[DEBUG  ][18 Jul 2016 08:51:46][ScanDelegate.py:11] 80:7a:bf:17:c6:8a[-95]
[DEBUG  ][18 Jul 2016 08:51:47][ScanDelegate.py:11] 80:7a:bf:10:7f:1a[-89]
[DEBUG  ][18 Jul 2016 08:51:53][ScanDelegate.py:11] d5:eb:02:3f:7c:5a[-86]
[DEBUG  ][18 Jul 2016 08:51:54][ScanDelegate.py:11] 80:7a:bf:10:7f:ae[-93]
[DEBUG  ][18 Jul 2016 08:51:54][ScanDelegate.py:11] e4:db:dc:cd:b5:0a[-81]
[DEBUG  ][18 Jul 2016 08:51:55][ScanDelegate.py:11] d5:eb:02:3f:7c:5a[-75]
[DEBUG  ][18 Jul 2016 08:51:55][ScanDelegate.py:11] 80:7a:bf:10:7f:1a[-88]
[DEBUG  ][18 Jul 2016 08:52:04][ScanDelegate.py:11] 80:7a:bf:17:a4:b5[-78]
[DEBUG  ][18 Jul 2016 08:52:05][ScanDelegate.py:11] 80:7a:bf:10:7f:ae[-97]
[DEBUG  ][18 Jul 2016 08:52:06][ScanDelegate.py:11] d5:eb:02:3f:7c:5a[-72]
[DEBUG  ][18 Jul 2016 08:52:06][ScanDelegate.py:11] e4:db:dc:cd:b5:0a[-70]
[DEBUG  ][18 Jul 2016 08:52:07][ScanDelegate.py:11] 80:7a:bf:10:7f:1a[-92]
[DEBUG  ][18 Jul 2016 08:52:07][ScanDelegate.py:11] e4:db:dc:cd:b5:0a[-84]
[DEBUG  ][18 Jul 2016 08:52:10][ScanDelegate.py:11] 80:7a:bf:17:a4:b5[-94]
[DEBUG  ][18 Jul 2016 08:52:10][ScanDelegate.py:11] d5:eb:02:3f:7c:5a[-83]
[DEBUG  ][18 Jul 2016 08:52:15][ScanDelegate.py:11] 80:7a:bf:10:7f:1a[-89]
[DEBUG  ][18 Jul 2016 08:52:15][ScanDelegate.py:11] 80:7a:bf:17:a4:b5[-80]
[DEBUG  ][18 Jul 2016 08:52:16][ScanDelegate.py:11] d5:eb:02:3f:7c:5a[-71]
[DEBUG  ][18 Jul 2016 08:52:16][ScanDelegate.py:11] e4:db:dc:cd:b5:0a[-67]
[DEBUG  ][18 Jul 2016 08:52:16][ScanDelegate.py:11] d5:eb:02:3f:7c:5a[-85]
[DEBUG  ][18 Jul 2016 08:52:17][ScanDelegate.py:11] 80:7a:bf:10:7f:ae[-79]
[DEBUG  ][18 Jul 2016 08:52:17][ScanDelegate.py:11] 80:7a:bf:17:c6:8a[-89]
[DEBUG  ][18 Jul 2016 08:52:17][ScanDelegate.py:11] 80:7a:bf:10:7f:ae[-95]
[DEBUG  ][18 Jul 2016 08:52:19][ScanDelegate.py:11] e4:db:dc:cd:b5:0a[-83]
[DEBUG  ][18 Jul 2016 08:54:10][ScanDelegate.py:11] e4:db:dc:cd:b5:0a[-71]
[DEBUG  ][18 Jul 2016 08:54:11][ScanDelegate.py:11] 80:7a:bf:10:7f:1a[-78]
[DEBUG  ][18 Jul 2016 08:54:11][ScanDelegate.py:11] d5:eb:02:3f:7c:5a[-87]
[DEBUG  ][18 Jul 2016 08:54:11][ScanDelegate.py:11] 80:7a:bf:10:7f:1a[-91]
[DEBUG  ][18 Jul 2016 08:54:11][ScanDelegate.py:11] e4:db:dc:cd:b5:0a[-83]
[DEBUG  ][18 Jul 2016 08:54:12][ScanDelegate.py:11] 80:7a:bf:10:7f:ae[-96]
[DEBUG  ][18 Jul 2016 08:54:12][ScanDelegate.py:11] 88:0f:10:4e:58:f0[-95]
[DEBUG  ][18 Jul 2016 08:54:13][ScanDelegate.py:11] c8:0f:10:47:7a:77[-81]
[DEBUG  ][18 Jul 2016 08:54:13][ScanDelegate.py:11] d5:eb:02:3f:7c:5a[-80]
[DEBUG  ][18 Jul 2016 08:54:14][ScanDelegate.py:11] 80:7a:bf:17:c6:8a[-75]
[DEBUG  ][18 Jul 2016 08:54:20][ScanDelegate.py:11] 80:7a:bf:17:a4:b5[-97]
[DEBUG  ][18 Jul 2016 08:54:20][ScanDelegate.py:11] c8:0f:10:47:7a:77[-94]
[DEBUG  ][18 Jul 2016 08:58:03][ScanDelegate.py:11] e4:db:dc:cd:b5:0a[-70]
[DEBUG  ][18 Jul 2016 08:58:04][ScanDelegate.py:11] 80:7a:bf:10:7f:ae[-79]
[DEBUG  ][18 Jul 2016 08:58:04][ScanDelegate.py:11] d5:eb:02:3f:7c:5a[-70]
[DEBUG  ][18 Jul 2016 08:58:04][ScanDelegate.py:11] 42:73:6e:75:85:d3[-89]
[DEBUG  ][18 Jul 2016 08:58:05][ScanDelegate.py:11] 80:7a:bf:17:c6:8a[-72]
[DEBUG  ][18 Jul 2016 08:58:05][ScanDelegate.py:11] 80:7a:bf:10:7f:ae[-92]
[DEBUG  ][18 Jul 2016 08:58:07][ScanDelegate.py:11] e2:df:e6:ff:10:48[-92]
[DEBUG  ][18 Jul 2016 08:58:07][ScanDelegate.py:11] 80:7a:bf:10:7f:1a[-87]
[DEBUG  ][18 Jul 2016 08:58:10][ScanDelegate.py:11] 80:7a:bf:17:a4:b5[-79]
[DEBUG  ][18 Jul 2016 08:58:10][ScanDelegate.py:11] e4:db:dc:cd:b5:0a[-84]
